[INFO  - 2020-03-01T12:08:03.457Z] GhostDriver - Main - running on port 50069
[INFO  - 2020-03-01T12:08:07.776Z] Session [50016ba0-5bb5-11ea-ac58-2d43ea6a1583] - page.settings - {"XSSAuditingEnabled":false,"javascriptCanCloseWindows":true,"javascriptCanOpenWindows":true,"javascriptEnabled":true,"loadImages":true,"localToRemoteUrlAccessEnabled":false,"userAgent":"Mozilla/5.0 (Windows NT 6.2; WOW64) AppleWebKit/538.1 (KHTML, like Gecko) PhantomJS/2.1.1 Safari/538.1","webSecurityEnabled":true}
[INFO  - 2020-03-01T12:08:07.776Z] Session [50016ba0-5bb5-11ea-ac58-2d43ea6a1583] - page.customHeaders:  - {}
[INFO  - 2020-03-01T12:08:07.776Z] Session [50016ba0-5bb5-11ea-ac58-2d43ea6a1583] - Session.negotiatedCapabilities - {"browserName":"phantomjs","version":"2.1.1","driverName":"ghostdriver","driverVersion":"1.2.0","platform":"windows-10-32bit","javascriptEnabled":true,"takesScreenshot":true,"handlesAlerts":false,"databaseEnabled":false,"locationContextEnabled":false,"applicationCacheEnabled":false,"browserConnectionEnabled":false,"cssSelectorsEnabled":true,"webStorageEnabled":false,"rotatable":false,"acceptSslCerts":false,"nativeEvents":true,"proxy":{"proxyType":"direct"}}
[INFO  - 2020-03-01T12:08:07.776Z] SessionManagerReqHand - _postNewSessionCommand - New Session Created: 50016ba0-5bb5-11ea-ac58-2d43ea6a1583
[ERROR - 2020-03-01T12:08:08.759Z] Session [50016ba0-5bb5-11ea-ac58-2d43ea6a1583] - page.onError - msg: ReferenceError: Can't find variable: zeus

  phantomjs://platform/console++.js:263 in error
[ERROR - 2020-03-01T12:08:08.760Z] Session [50016ba0-5bb5-11ea-ac58-2d43ea6a1583] - page.onError - stack:
  onload (https://u.gg/lol/tier-list?role=jungle:4)

  phantomjs://platform/console++.js:263 in error
[ERROR - 2020-03-01T12:08:08.915Z] Session [50016ba0-5bb5-11ea-ac58-2d43ea6a1583] - page.onError - msg: ReferenceError: Can't find variable: Map

  phantomjs://platform/console++.js:263 in error
[ERROR - 2020-03-01T12:08:08.915Z] Session [50016ba0-5bb5-11ea-ac58-2d43ea6a1583] - page.onError - stack:
  (anonymous function) (https://static.u.gg/lol/static/js/vendors~main.9240477afd6642cb87ca.js:2)
  o (https://static.u.gg/lol/static/js/main.aa44ba6d422444d511da.js:2)
  (anonymous function) (https://static.u.gg/lol/static/js/vendors~main.9240477afd6642cb87ca.js:2)
  o (https://static.u.gg/lol/static/js/main.aa44ba6d422444d511da.js:2)
  (anonymous function) (https://static.u.gg/lol/static/js/main.aa44ba6d422444d511da.js:2)
  o (https://static.u.gg/lol/static/js/main.aa44ba6d422444d511da.js:2)
  i (https://static.u.gg/lol/static/js/main.aa44ba6d422444d511da.js:2)
  (anonymous function) (https://static.u.gg/lol/static/js/main.aa44ba6d422444d511da.js:2)

  phantomjs://platform/console++.js:263 in error
